<?xml version="1.0" encoding="UTF-8"?>
<!-- Generated by org.testng.reporters.JUnitReportReporter -->
<testsuite hostname="Mubashir" failures="0" tests="3" name="com.crm.qa.testcases.LoginPageTest" time="21.490" errors="0" timestamp="2023-04-09T14:31:30 EDT" skipped="0">
  <testcase classname="com.crm.qa.testcases.LoginPageTest" name="loginPageTitleTest" time="7.868"/>
  <system-out/>
  <testcase classname="com.crm.qa.testcases.LoginPageTest" name="crmLogoImageTest" time="6.688"/>
  <system-out/>
  <testcase classname="com.crm.qa.testcases.LoginPageTest" name="loginTest" time="6.934"/>
  <system-out/>
</testsuite> <!-- com.crm.qa.testcases.LoginPageTest -->
