<?xml version="1.0" encoding="UTF-8"?>
<!-- Generated by org.testng.reporters.JUnitReportReporter -->
<testsuite hostname="Mubashir" failures="0" tests="3" name="com.crm.qa.testcases.LoginPageTest" time="17.109" errors="0" timestamp="2023-04-08T22:10:20 EDT" skipped="0">
  <testcase classname="com.crm.qa.testcases.LoginPageTest" name="loginPageTitleTest" time="5.597"/>
  <system-out/>
  <testcase classname="com.crm.qa.testcases.LoginPageTest" name="crmLogoImageTest" time="5.586"/>
  <system-out/>
  <testcase classname="com.crm.qa.testcases.LoginPageTest" name="loginTest" time="5.926"/>
  <system-out/>
</testsuite> <!-- com.crm.qa.testcases.LoginPageTest -->
